This is pdfTeX, Version 3.1415926-2.4-1.40.13 (MiKTeX 2.9) (preloaded format=pdflatex 2013.9.27)  27 MAR 2015 12:20
entering extended mode
**MA530ComplexAnalysisHwk10.tex
(C:\Users\Lonelight\Desktop\Homework\MA530\MA530ComplexAnalysisHwk10.tex
LaTeX2e <2011/06/27>
Babel <v3.8m> and hyphenation patterns for english, afrikaans, ancientgreek, ar
abic, armenian, assamese, basque, bengali, bokmal, bulgarian, catalan, coptic, 
croatian, czech, danish, dutch, esperanto, estonian, farsi, finnish, french, ga
lician, german, german-x-2012-05-30, greek, gujarati, hindi, hungarian, iceland
ic, indonesian, interlingua, irish, italian, kannada, kurmanji, latin, latvian,
 lithuanian, malayalam, marathi, mongolian, mongolianlmc, monogreek, ngerman, n
german-x-2012-05-30, nynorsk, oriya, panjabi, pinyin, polish, portuguese, roman
ian, russian, sanskrit, serbian, slovak, slovenian, spanish, swedish, swissgerm
an, tamil, telugu, turkish, turkmen, ukenglish, ukrainian, uppersorbian, usengl
ishmax, welsh, loaded.

(C:\Users\Lonelight\Desktop\PortablePrograms\texmakerwin32usb\MiKTeX\tex\latex\
base\article.cls
Document Class: article 2007/10/19 v1.4h Standard LaTeX document class

(C:\Users\Lonelight\Desktop\PortablePrograms\texmakerwin32usb\MiKTeX\tex\latex\
base\size12.clo
File: size12.clo 2007/10/19 v1.4h Standard LaTeX file (size option)
)
\c@part=\count79
\c@section=\count80
\c@subsection=\count81
\c@subsubsection=\count82
\c@paragraph=\count83
\c@subparagraph=\count84
\c@figure=\count85
\c@table=\count86
\abovecaptionskip=\skip41
\belowcaptionskip=\skip42
\bibindent=\dimen102
)
(C:\Users\Lonelight\Desktop\PortablePrograms\texmakerwin32usb\MiKTeX\tex\latex\
fancyhdr\fancyhdr.sty
\fancy@headwidth=\skip43
\f@ncyO@elh=\skip44
\f@ncyO@erh=\skip45
\f@ncyO@olh=\skip46
\f@ncyO@orh=\skip47
\f@ncyO@elf=\skip48
\f@ncyO@erf=\skip49
\f@ncyO@olf=\skip50
\f@ncyO@orf=\skip51
)
(C:\Users\Lonelight\Desktop\PortablePrograms\texmakerwin32usb\MiKTeX\tex\latex\
amsfonts\amssymb.sty
Package: amssymb 2009/06/22 v3.00

(C:\Users\Lonelight\Desktop\PortablePrograms\texmakerwin32usb\MiKTeX\tex\latex\
amsfonts\amsfonts.sty
Package: amsfonts 2009/06/22 v3.00 Basic AMSFonts support
\@emptytoks=\toks14
\symAMSa=\mathgroup4
\symAMSb=\mathgroup5
LaTeX Font Info:    Overwriting math alphabet `\mathfrak' in version `bold'
(Font)                  U/euf/m/n --> U/euf/b/n on input line 96.
))
(C:\Users\Lonelight\Desktop\PortablePrograms\texmakerwin32usb\MiKTeX\tex\latex\
mh\mathtools.sty
Package: mathtools 2013/02/12 v1.13 mathematical typesetting tools

(C:\Users\Lonelight\Desktop\PortablePrograms\texmakerwin32usb\MiKTeX\tex\latex\
graphics\keyval.sty
Package: keyval 1999/03/16 v1.13 key=value parser (DPC)
\KV@toks@=\toks15
)
(C:\Users\Lonelight\Desktop\PortablePrograms\texmakerwin32usb\MiKTeX\tex\latex\
tools\calc.sty
Package: calc 2007/08/22 v4.3 Infix arithmetic (KKT,FJ)
\calc@Acount=\count87
\calc@Bcount=\count88
\calc@Adimen=\dimen103
\calc@Bdimen=\dimen104
\calc@Askip=\skip52
\calc@Bskip=\skip53
LaTeX Info: Redefining \setlength on input line 76.
LaTeX Info: Redefining \addtolength on input line 77.
\calc@Ccount=\count89
\calc@Cskip=\skip54
)
(C:\Users\Lonelight\Desktop\PortablePrograms\texmakerwin32usb\MiKTeX\tex\latex\
mh\mhsetup.sty
Package: mhsetup 2010/01/21 v1.2a programming setup (MH)
)
(C:\Users\Lonelight\Desktop\PortablePrograms\texmakerwin32usb\MiKTeX\tex\latex\
ams\math\amsmath.sty
Package: amsmath 2000/07/18 v2.13 AMS math features
\@mathmargin=\skip55

For additional information on amsmath, use the `?' option.

(C:\Users\Lonelight\Desktop\PortablePrograms\texmakerwin32usb\MiKTeX\tex\latex\
ams\math\amstext.sty
Package: amstext 2000/06/29 v2.01

(C:\Users\Lonelight\Desktop\PortablePrograms\texmakerwin32usb\MiKTeX\tex\latex\
ams\math\amsgen.sty
File: amsgen.sty 1999/11/30 v2.0
\@emptytoks=\toks16
\ex@=\dimen105
))
(C:\Users\Lonelight\Desktop\PortablePrograms\texmakerwin32usb\MiKTeX\tex\latex\
ams\math\amsbsy.sty
Package: amsbsy 1999/11/29 v1.2d
\pmbraise@=\dimen106
)
(C:\Users\Lonelight\Desktop\PortablePrograms\texmakerwin32usb\MiKTeX\tex\latex\
ams\math\amsopn.sty
Package: amsopn 1999/12/14 v2.01 operator names
)
\inf@bad=\count90
LaTeX Info: Redefining \frac on input line 211.
\uproot@=\count91
\leftroot@=\count92
LaTeX Info: Redefining \overline on input line 307.
\classnum@=\count93
\DOTSCASE@=\count94
LaTeX Info: Redefining \ldots on input line 379.
LaTeX Info: Redefining \dots on input line 382.
LaTeX Info: Redefining \cdots on input line 467.
\Mathstrutbox@=\box26
\strutbox@=\box27
\big@size=\dimen107
LaTeX Font Info:    Redeclaring font encoding OML on input line 567.
LaTeX Font Info:    Redeclaring font encoding OMS on input line 568.
\macc@depth=\count95
\c@MaxMatrixCols=\count96
\dotsspace@=\muskip10
\c@parentequation=\count97
\dspbrk@lvl=\count98
\tag@help=\toks17
\row@=\count99
\column@=\count100
\maxfields@=\count101
\andhelp@=\toks18
\eqnshift@=\dimen108
\alignsep@=\dimen109
\tagshift@=\dimen110
\tagwidth@=\dimen111
\totwidth@=\dimen112
\lineht@=\dimen113
\@envbody=\toks19
\multlinegap=\skip56
\multlinetaggap=\skip57
\mathdisplay@stack=\toks20
LaTeX Info: Redefining \[ on input line 2666.
LaTeX Info: Redefining \] on input line 2667.
)
LaTeX Info: Thecontrolsequence`\['isalreadyrobust on input line 129.
LaTeX Info: Thecontrolsequence`\]'isalreadyrobust on input line 129.
\g_MT_multlinerow_int=\count102
\l_MT_multwidth_dim=\dimen114
\origjot=\skip58
\l_MT_shortvdotswithinadjustabove_dim=\dimen115
\l_MT_shortvdotswithinadjustbelow_dim=\dimen116
\l_MT_above_intertext_sep=\dimen117
\l_MT_below_intertext_sep=\dimen118
\l_MT_above_shortintertext_sep=\dimen119
\l_MT_below_shortintertext_sep=\dimen120
)
(C:\Users\Lonelight\Desktop\PortablePrograms\texmakerwin32usb\MiKTeX\tex\latex\
carlisle\slashed.sty
Package: slashed 1997/01/16 v0.01 Feynman Slashed Character Notation (DPC)
)
(C:\Users\Lonelight\Desktop\PortablePrograms\texmakerwin32usb\MiKTeX\tex\latex\
cancel\cancel.sty
Package: cancel 2013/04/12 v2.2 Cancel math terms
)
(C:\Users\Lonelight\Desktop\PortablePrograms\texmakerwin32usb\MiKTeX\tex\latex\
amsfonts\euscript.sty
Package: euscript 2009/06/22 v3.00 Euler Script fonts
LaTeX Font Info:    Overwriting math alphabet `\EuScript' in version `bold'
(Font)                  U/eus/m/n --> U/eus/b/n on input line 33.
)
(C:\Users\Lonelight\Desktop\Homework\MA530\MaxPackage.sty)
(C:\Users\Lonelight\Desktop\Homework\MA530\MA530ComplexAnalysisHwk10.aux)
LaTeX Font Info:    Checking defaults for OML/cmm/m/it on input line 32.
LaTeX Font Info:    ... okay on input line 32.
LaTeX Font Info:    Checking defaults for T1/cmr/m/n on input line 32.
LaTeX Font Info:    ... okay on input line 32.
LaTeX Font Info:    Checking defaults for OT1/cmr/m/n on input line 32.
LaTeX Font Info:    ... okay on input line 32.
LaTeX Font Info:    Checking defaults for OMS/cmsy/m/n on input line 32.
LaTeX Font Info:    ... okay on input line 32.
LaTeX Font Info:    Checking defaults for OMX/cmex/m/n on input line 32.
LaTeX Font Info:    ... okay on input line 32.
LaTeX Font Info:    Checking defaults for U/cmr/m/n on input line 32.
LaTeX Font Info:    ... okay on input line 32.

(C:\Users\Lonelight\Desktop\PortablePrograms\texmakerwin32usb\MiKTeX\tex\latex\
graphics\graphicx.sty
Package: graphicx 1999/02/16 v1.0f Enhanced LaTeX Graphics (DPC,SPQR)

(C:\Users\Lonelight\Desktop\PortablePrograms\texmakerwin32usb\MiKTeX\tex\latex\
graphics\graphics.sty
Package: graphics 2009/02/05 v1.0o Standard LaTeX Graphics (DPC,SPQR)

(C:\Users\Lonelight\Desktop\PortablePrograms\texmakerwin32usb\MiKTeX\tex\latex\
graphics\trig.sty
Package: trig 1999/03/16 v1.09 sin cos tan (DPC)
)
(C:\Users\Lonelight\Desktop\PortablePrograms\texmakerwin32usb\MiKTeX\tex\latex\
00miktex\graphics.cfg
File: graphics.cfg 2007/01/18 v1.5 graphics configuration of teTeX/TeXLive
)
Package graphics Info: Driver file: pdftex.def on input line 91.

(C:\Users\Lonelight\Desktop\PortablePrograms\texmakerwin32usb\MiKTeX\tex\latex\
pdftex-def\pdftex.def
File: pdftex.def 2011/05/27 v0.06d Graphics/color for pdfTeX

(C:\Users\Lonelight\Desktop\PortablePrograms\texmakerwin32usb\MiKTeX\tex\generi
c\oberdiek\infwarerr.sty
Package: infwarerr 2010/04/08 v1.3 Providing info/warning/error messages (HO)
)
(C:\Users\Lonelight\Desktop\PortablePrograms\texmakerwin32usb\MiKTeX\tex\generi
c\oberdiek\ltxcmds.sty
Package: ltxcmds 2011/11/09 v1.22 LaTeX kernel commands for general use (HO)
)
\Gread@gobject=\count103

(C:\Users\Lonelight\Desktop\PortablePrograms\texmakerwin32usb\MiKTeX\tex\contex
t\base\supp-pdf.mkii
[Loading MPS to PDF converter (version 2006.09.02).]
\scratchcounter=\count104
\scratchdimen=\dimen121
\scratchbox=\box28
\nofMPsegments=\count105
\nofMParguments=\count106
\everyMPshowfont=\toks21
\MPscratchCnt=\count107
\MPscratchDim=\dimen122
\MPnumerator=\count108
\makeMPintoPDFobject=\count109
\everyMPtoPDFconversion=\toks22
)))
\Gin@req@height=\dimen123
\Gin@req@width=\dimen124
)
LaTeX Font Info:    Try loading font information for U+msa on input line 36.

(C:\Users\Lonelight\Desktop\PortablePrograms\texmakerwin32usb\MiKTeX\tex\latex\
amsfonts\umsa.fd
File: umsa.fd 2009/06/22 v3.00 AMS symbols A
)
LaTeX Font Info:    Try loading font information for U+msb on input line 36.

(C:\Users\Lonelight\Desktop\PortablePrograms\texmakerwin32usb\MiKTeX\tex\latex\
amsfonts\umsb.fd
File: umsb.fd 2009/06/22 v3.00 AMS symbols B
)

Package Fancyhdr Warning: \headheight is too small (12.0pt): 
 Make it at least 14.49998pt.
 We now make it that large for the rest of the document.
 This may cause the page layout to be inconsistent, however.

[1{C:/Users/Lonelight/Desktop/PortablePrograms/texmakerwin32usb/MiKTeX/pdftex/c
onfig/pdftex.map}

]

Package Fancyhdr Warning: \headheight is too small (12.0pt): 
 Make it at least 14.49998pt.
 We now make it that large for the rest of the document.
 This may cause the page layout to be inconsistent, however.

[2] (C:\Users\Lonelight\Desktop\Homework\MA530\MA530ComplexAnalysisHwk10.aux) )
 
Here is how much of TeX's memory you used:
 2840 strings out of 493921
 39721 string characters out of 3140860
 98823 words of memory out of 3000000
 6112 multiletter control sequences out of 15000+200000
 8592 words of font info for 33 fonts, out of 3000000 for 9000
 841 hyphenation exceptions out of 8191
 33i,11n,43p,410b,206s stack positions out of 5000i,500n,10000p,200000b,50000s
<C:/Users/Lonelight/Desktop/PortablePrograms/texmakerwin32usb/MiKTeX/fonts/type
1/public/amsfonts/cm/cmbx12.pfb><C:/Users/Lonelight/Desktop/PortablePrograms/te
xmakerwin32usb/MiKTeX/fonts/type1/public/amsfonts/cm/cmex10.pfb><C:/Users/Lonel
ight/Desktop/PortablePrograms/texmakerwin32usb/MiKTeX/fonts/type1/public/amsfon
ts/cm/cmmi12.pfb><C:/Users/Lonelight/Desktop/PortablePrograms/texmakerwin32usb/
MiKTeX/fonts/type1/public/amsfonts/cm/cmmi6.pfb><C:/Users/Lonelight/Desktop/Por
tablePrograms/texmakerwin32usb/MiKTeX/fonts/type1/public/amsfonts/cm/cmmi8.pfb>
<C:/Users/Lonelight/Desktop/PortablePrograms/texmakerwin32usb/MiKTeX/fonts/type
1/public/amsfonts/cm/cmr12.pfb><C:/Users/Lonelight/Desktop/PortablePrograms/tex
makerwin32usb/MiKTeX/fonts/type1/public/amsfonts/cm/cmr6.pfb><C:/Users/Loneligh
t/Desktop/PortablePrograms/texmakerwin32usb/MiKTeX/fonts/type1/public/amsfonts/
cm/cmr8.pfb><C:/Users/Lonelight/Desktop/PortablePrograms/texmakerwin32usb/MiKTe
X/fonts/type1/public/amsfonts/cm/cmsy10.pfb><C:/Users/Lonelight/Desktop/Portabl
ePrograms/texmakerwin32usb/MiKTeX/fonts/type1/public/amsfonts/cm/cmsy6.pfb><C:/
Users/Lonelight/Desktop/PortablePrograms/texmakerwin32usb/MiKTeX/fonts/type1/pu
blic/amsfonts/cm/cmsy8.pfb><C:/Users/Lonelight/Desktop/PortablePrograms/texmake
rwin32usb/MiKTeX/fonts/type1/public/amsfonts/symbols/msbm10.pfb>
Output written on MA530ComplexAnalysisHwk10.pdf (2 pages, 111249 bytes).
PDF statistics:
 57 PDF objects out of 1000 (max. 8388607)
 0 named destinations out of 1000 (max. 500000)
 1 words of extra memory for PDF output out of 10000 (max. 10000000)

